<?xml version="1.0" encoding="UTF-8"?>
<!-- Generated by org.testng.reporters.JUnitReportReporter -->
<testsuite hostname="Saibaba" name="com.mybank.accounts.CreateAccount" tests="1" failures="0" timestamp="5 Sep 2015 08:31:31 GMT" time="34.018" errors="0">
  <testcase name="HomePage" time="34.018" classname="com.mybank.accounts.CreateAccount"/>
</testsuite> <!-- com.mybank.accounts.CreateAccount -->
